2025-04-09 23:32:08,237 - INFO - Found 1 GPU(s)
2025-04-09 23:32:08,238 - INFO - GPU 0: NVIDIA L40S
2025-04-09 23:32:08,238 - INFO - Using GPU: NVIDIA L40S
2025-04-09 23:32:08,238 - INFO - Using device: cuda
2025-04-09 23:32:08,377 - INFO - Initialized OutfitGAT model with 8220164 parameters
2025-04-09 23:32:08,460 - INFO - Initialized CosineAnnealingWarmRestarts scheduler
2025-04-09 23:38:25,541 - INFO - Epoch 0: Train Loss = 1.4871, Val Loss = 1.4913, Pos Sim = 0.6539, Neg Sim = 0.6190
2025-04-09 23:38:25,547 - INFO - Learning rate: 0.00000978
2025-04-09 23:38:25,986 - INFO - Saved checkpoint to checkpoints/best_model.pt
2025-04-09 23:44:23,958 - INFO - Epoch 1: Train Loss = 1.4485, Val Loss = 1.4331, Pos Sim = 0.6062, Neg Sim = 0.5091
2025-04-09 23:44:23,967 - INFO - Learning rate: 0.00000914
2025-04-09 23:44:24,407 - INFO - Saved checkpoint to checkpoints/best_model.pt
2025-04-09 23:50:23,454 - INFO - Epoch 2: Train Loss = 1.4287, Val Loss = 1.3860, Pos Sim = 0.5480, Neg Sim = 0.3846
2025-04-09 23:50:23,461 - INFO - Learning rate: 0.00000815
2025-04-09 23:50:23,880 - INFO - Saved checkpoint to checkpoints/best_model.pt
2025-04-09 23:56:19,292 - INFO - Epoch 3: Train Loss = 1.4184, Val Loss = 1.3657, Pos Sim = 0.5096, Neg Sim = 0.3102
2025-04-09 23:56:19,293 - INFO - Learning rate: 0.00000689
2025-04-09 23:56:19,694 - INFO - Saved checkpoint to checkpoints/best_model.pt
2025-04-10 00:02:00,355 - INFO - Epoch 4: Train Loss = 1.4151, Val Loss = 1.3886, Pos Sim = 0.4999, Neg Sim = 0.2826
2025-04-10 00:02:00,362 - INFO - Learning rate: 0.00000550
2025-04-10 00:08:11,745 - INFO - Epoch 5: Train Loss = 1.3814, Val Loss = 1.3980, Pos Sim = 0.4986, Neg Sim = 0.2454
2025-04-10 00:08:11,754 - INFO - Learning rate: 0.00000411
2025-04-10 00:13:45,653 - INFO - Epoch 6: Train Loss = 1.4007, Val Loss = 1.3838, Pos Sim = 0.4749, Neg Sim = 0.2082
2025-04-10 00:13:45,660 - INFO - Learning rate: 0.00000285
2025-04-10 00:19:16,407 - INFO - Epoch 7: Train Loss = 1.3902, Val Loss = 1.3566, Pos Sim = 0.4870, Neg Sim = 0.2257
2025-04-10 00:19:16,414 - INFO - Learning rate: 0.00000186
2025-04-10 00:19:16,877 - INFO - Saved checkpoint to checkpoints/best_model.pt
2025-04-10 00:25:07,438 - INFO - Epoch 8: Train Loss = 1.3961, Val Loss = 1.3160, Pos Sim = 0.4852, Neg Sim = 0.2360
2025-04-10 00:25:07,445 - INFO - Learning rate: 0.00000122
2025-04-10 00:25:07,870 - INFO - Saved checkpoint to checkpoints/best_model.pt
2025-04-10 00:31:00,754 - INFO - Epoch 9: Train Loss = 1.3985, Val Loss = 1.3316, Pos Sim = 0.4713, Neg Sim = 0.2196
2025-04-10 00:31:00,757 - INFO - Learning rate: 0.00001000
2025-04-10 00:36:54,458 - INFO - Epoch 10: Train Loss = 1.3990, Val Loss = 1.3797, Pos Sim = 0.4834, Neg Sim = 0.2311
2025-04-10 00:36:54,466 - INFO - Learning rate: 0.00000994
2025-04-10 00:42:22,296 - INFO - Epoch 11: Train Loss = 1.4040, Val Loss = 1.3172, Pos Sim = 0.5196, Neg Sim = 0.3106
2025-04-10 00:42:22,302 - INFO - Learning rate: 0.00000978
2025-04-10 00:47:50,613 - INFO - Epoch 12: Train Loss = 1.3770, Val Loss = 1.3337, Pos Sim = 0.4897, Neg Sim = 0.2195
2025-04-10 00:47:50,620 - INFO - Learning rate: 0.00000951
2025-04-10 00:53:20,734 - INFO - Epoch 13: Train Loss = 1.3871, Val Loss = 1.3371, Pos Sim = 0.4702, Neg Sim = 0.2002
2025-04-10 00:53:20,735 - INFO - Learning rate: 0.00000914
2025-04-10 00:58:48,592 - INFO - Epoch 14: Train Loss = 1.3892, Val Loss = 1.3176, Pos Sim = 0.4674, Neg Sim = 0.2033
2025-04-10 00:58:48,599 - INFO - Learning rate: 0.00000868
2025-04-10 01:04:35,758 - INFO - Epoch 15: Train Loss = 1.4054, Val Loss = 1.3286, Pos Sim = 0.4735, Neg Sim = 0.2367
2025-04-10 01:04:35,766 - INFO - Learning rate: 0.00000815
2025-04-10 01:10:41,128 - INFO - Epoch 16: Train Loss = 1.3733, Val Loss = 1.3394, Pos Sim = 0.4882, Neg Sim = 0.2222
2025-04-10 01:10:41,130 - INFO - Learning rate: 0.00000754
2025-04-10 01:16:55,849 - INFO - Epoch 17: Train Loss = 1.3639, Val Loss = 1.3377, Pos Sim = 0.4816, Neg Sim = 0.1789
2025-04-10 01:16:55,859 - INFO - Learning rate: 0.00000689
2025-04-10 01:23:00,076 - INFO - Epoch 18: Train Loss = 1.3814, Val Loss = 1.3352, Pos Sim = 0.4827, Neg Sim = 0.2235
2025-04-10 01:23:00,084 - INFO - Learning rate: 0.00000620
2025-04-10 01:28:54,280 - INFO - Epoch 19: Train Loss = 1.3585, Val Loss = 1.3640, Pos Sim = 0.4636, Neg Sim = 0.1638
2025-04-10 01:28:54,287 - INFO - Learning rate: 0.00000550
2025-04-10 01:34:29,202 - INFO - Epoch 20: Train Loss = 1.3651, Val Loss = 1.3239, Pos Sim = 0.4440, Neg Sim = 0.1402
2025-04-10 01:34:29,209 - INFO - Learning rate: 0.00000480
2025-04-10 01:40:03,414 - INFO - Epoch 21: Train Loss = 1.3730, Val Loss = 1.3125, Pos Sim = 0.4381, Neg Sim = 0.1481
2025-04-10 01:40:03,421 - INFO - Learning rate: 0.00000411
2025-04-10 01:40:03,877 - INFO - Saved checkpoint to checkpoints/best_model.pt
2025-04-10 01:45:31,203 - INFO - Epoch 22: Train Loss = 1.3684, Val Loss = 1.3410, Pos Sim = 0.4596, Neg Sim = 0.1779
2025-04-10 01:45:31,210 - INFO - Learning rate: 0.00000346
2025-04-10 01:50:59,658 - INFO - Epoch 23: Train Loss = 1.3629, Val Loss = 1.2977, Pos Sim = 0.4473, Neg Sim = 0.1518
2025-04-10 01:50:59,665 - INFO - Learning rate: 0.00000285
2025-04-10 01:51:00,100 - INFO - Saved checkpoint to checkpoints/best_model.pt
2025-04-10 01:56:28,568 - INFO - Epoch 24: Train Loss = 1.3268, Val Loss = 1.2683, Pos Sim = 0.4830, Neg Sim = 0.1522
2025-04-10 01:56:28,575 - INFO - Learning rate: 0.00000232
2025-04-10 01:56:29,011 - INFO - Saved checkpoint to checkpoints/best_model.pt
2025-04-10 02:02:03,422 - INFO - Epoch 25: Train Loss = 1.3703, Val Loss = 1.3128, Pos Sim = 0.4463, Neg Sim = 0.1483
2025-04-10 02:02:03,430 - INFO - Learning rate: 0.00000186
2025-04-10 02:07:25,177 - INFO - Epoch 26: Train Loss = 1.3456, Val Loss = 1.2693, Pos Sim = 0.4404, Neg Sim = 0.1205
2025-04-10 02:07:25,185 - INFO - Learning rate: 0.00000149
2025-04-10 02:13:16,062 - INFO - Epoch 27: Train Loss = 1.3543, Val Loss = 1.2946, Pos Sim = 0.4364, Neg Sim = 0.1176
2025-04-10 02:13:16,069 - INFO - Learning rate: 0.00000122
2025-04-10 02:19:25,388 - INFO - Epoch 28: Train Loss = 1.3619, Val Loss = 1.2950, Pos Sim = 0.4307, Neg Sim = 0.1132
2025-04-10 02:19:25,395 - INFO - Learning rate: 0.00000106
2025-04-10 02:25:35,290 - INFO - Epoch 29: Train Loss = 1.3276, Val Loss = 1.2575, Pos Sim = 0.4677, Neg Sim = 0.1300
2025-04-10 02:25:35,295 - INFO - Learning rate: 0.00001000
2025-04-10 02:25:35,728 - INFO - Saved checkpoint to checkpoints/best_model.pt
2025-04-10 02:31:02,703 - INFO - Epoch 30: Train Loss = 1.3447, Val Loss = 1.3409, Pos Sim = 0.4482, Neg Sim = 0.1176
2025-04-10 02:31:02,710 - INFO - Learning rate: 0.00000999
2025-04-10 02:36:31,720 - INFO - Epoch 31: Train Loss = 1.3567, Val Loss = 1.3175, Pos Sim = 0.4477, Neg Sim = 0.1398
2025-04-10 02:36:31,727 - INFO - Learning rate: 0.00000994
2025-04-10 02:42:05,841 - INFO - Epoch 32: Train Loss = 1.3547, Val Loss = 1.3557, Pos Sim = 0.4727, Neg Sim = 0.1767
2025-04-10 02:42:05,848 - INFO - Learning rate: 0.00000988
2025-04-10 02:47:47,977 - INFO - Epoch 33: Train Loss = 1.3531, Val Loss = 1.3426, Pos Sim = 0.4778, Neg Sim = 0.1675
2025-04-10 02:47:47,983 - INFO - Learning rate: 0.00000978
2025-04-10 02:53:22,625 - INFO - Epoch 34: Train Loss = 1.3566, Val Loss = 1.2882, Pos Sim = 0.4780, Neg Sim = 0.1678
2025-04-10 02:53:22,632 - INFO - Learning rate: 0.00000966
2025-04-10 02:58:57,703 - INFO - Epoch 35: Train Loss = 1.3632, Val Loss = 1.3051, Pos Sim = 0.4604, Neg Sim = 0.1517
2025-04-10 02:58:57,710 - INFO - Learning rate: 0.00000951
2025-04-10 03:04:28,075 - INFO - Epoch 36: Train Loss = 1.3836, Val Loss = 1.2830, Pos Sim = 0.4833, Neg Sim = 0.2233
2025-04-10 03:04:28,082 - INFO - Learning rate: 0.00000934
2025-04-10 03:10:00,555 - INFO - Epoch 37: Train Loss = 1.3572, Val Loss = 1.3069, Pos Sim = 0.4904, Neg Sim = 0.2083
2025-04-10 03:10:00,562 - INFO - Learning rate: 0.00000914
2025-04-10 03:15:34,895 - INFO - Epoch 38: Train Loss = 1.3575, Val Loss = 1.3051, Pos Sim = 0.4652, Neg Sim = 0.1468
2025-04-10 03:15:34,903 - INFO - Learning rate: 0.00000892
2025-04-10 03:21:40,217 - INFO - Epoch 39: Train Loss = 1.3633, Val Loss = 1.3313, Pos Sim = 0.4809, Neg Sim = 0.1917
2025-04-10 03:21:40,224 - INFO - Learning rate: 0.00000868
2025-04-10 03:27:46,751 - INFO - Epoch 40: Train Loss = 1.3536, Val Loss = 1.2871, Pos Sim = 0.4974, Neg Sim = 0.2082
2025-04-10 03:27:46,762 - INFO - Learning rate: 0.00000842
2025-04-10 03:33:21,839 - INFO - Epoch 41: Train Loss = 1.3351, Val Loss = 1.2899, Pos Sim = 0.4630, Neg Sim = 0.1388
2025-04-10 03:33:21,846 - INFO - Learning rate: 0.00000815
2025-04-10 03:38:52,571 - INFO - Epoch 42: Train Loss = 1.3359, Val Loss = 1.2604, Pos Sim = 0.4822, Neg Sim = 0.1568
2025-04-10 03:38:52,573 - INFO - Learning rate: 0.00000785
2025-04-10 03:44:32,284 - INFO - Epoch 43: Train Loss = 1.3477, Val Loss = 1.2750, Pos Sim = 0.4601, Neg Sim = 0.1212
2025-04-10 03:44:32,291 - INFO - Learning rate: 0.00000754
2025-04-10 03:49:56,929 - INFO - Epoch 44: Train Loss = 1.3560, Val Loss = 1.2621, Pos Sim = 0.4931, Neg Sim = 0.2058
2025-04-10 03:49:56,936 - INFO - Learning rate: 0.00000722
2025-04-10 03:55:32,412 - INFO - Epoch 45: Train Loss = 1.3293, Val Loss = 1.2835, Pos Sim = 0.4757, Neg Sim = 0.1366
2025-04-10 03:55:32,418 - INFO - Learning rate: 0.00000689
2025-04-10 04:01:08,709 - INFO - Epoch 46: Train Loss = 1.3344, Val Loss = 1.3555, Pos Sim = 0.4562, Neg Sim = 0.1039
2025-04-10 04:01:08,716 - INFO - Learning rate: 0.00000655
2025-04-10 04:06:37,149 - INFO - Epoch 47: Train Loss = 1.3198, Val Loss = 1.2473, Pos Sim = 0.4687, Neg Sim = 0.1191
2025-04-10 04:06:37,155 - INFO - Learning rate: 0.00000620
2025-04-10 04:06:37,596 - INFO - Saved checkpoint to checkpoints/best_model.pt
2025-04-10 04:12:15,225 - INFO - Epoch 48: Train Loss = 1.3073, Val Loss = 1.2810, Pos Sim = 0.4641, Neg Sim = 0.0833
2025-04-10 04:12:15,231 - INFO - Learning rate: 0.00000585
2025-04-10 04:17:43,194 - INFO - Epoch 49: Train Loss = 1.3572, Val Loss = 1.2656, Pos Sim = 0.4560, Neg Sim = 0.1403
2025-04-10 04:17:43,202 - INFO - Learning rate: 0.00000550
2025-04-10 04:23:03,768 - INFO - Epoch 50: Train Loss = 1.3228, Val Loss = 1.2501, Pos Sim = 0.4564, Neg Sim = 0.0999
2025-04-10 04:23:03,775 - INFO - Learning rate: 0.00000515
2025-04-10 04:28:36,786 - INFO - Epoch 51: Train Loss = 1.3458, Val Loss = 1.2574, Pos Sim = 0.4569, Neg Sim = 0.1366
2025-04-10 04:28:36,792 - INFO - Learning rate: 0.00000480
2025-04-10 04:34:14,430 - INFO - Epoch 52: Train Loss = 1.3149, Val Loss = 1.2640, Pos Sim = 0.4765, Neg Sim = 0.1138
2025-04-10 04:34:14,437 - INFO - Learning rate: 0.00000445
2025-04-10 04:39:50,109 - INFO - Epoch 53: Train Loss = 1.3217, Val Loss = 1.2426, Pos Sim = 0.4536, Neg Sim = 0.0814
2025-04-10 04:39:50,116 - INFO - Learning rate: 0.00000411
2025-04-10 04:39:50,546 - INFO - Saved checkpoint to checkpoints/best_model.pt
2025-04-10 04:45:17,558 - INFO - Epoch 54: Train Loss = 1.3278, Val Loss = 1.2819, Pos Sim = 0.4709, Neg Sim = 0.1286
2025-04-10 04:45:17,565 - INFO - Learning rate: 0.00000378
2025-04-10 04:50:56,089 - INFO - Epoch 55: Train Loss = 1.3445, Val Loss = 1.2341, Pos Sim = 0.4455, Neg Sim = 0.1088
2025-04-10 04:50:56,094 - INFO - Learning rate: 0.00000346
2025-04-10 04:50:56,427 - INFO - Saved checkpoint to checkpoints/best_model.pt
2025-04-10 04:56:27,618 - INFO - Epoch 56: Train Loss = 1.3138, Val Loss = 1.3100, Pos Sim = 0.4525, Neg Sim = 0.0965
2025-04-10 04:56:27,625 - INFO - Learning rate: 0.00000315
2025-04-10 05:01:55,357 - INFO - Epoch 57: Train Loss = 1.3101, Val Loss = 1.2857, Pos Sim = 0.4492, Neg Sim = 0.0887
2025-04-10 05:01:55,359 - INFO - Learning rate: 0.00000285
2025-04-10 05:07:26,303 - INFO - Epoch 58: Train Loss = 1.3462, Val Loss = 1.2469, Pos Sim = 0.4370, Neg Sim = 0.0982
2025-04-10 05:07:26,311 - INFO - Learning rate: 0.00000258
2025-04-10 05:12:57,121 - INFO - Epoch 59: Train Loss = 1.3156, Val Loss = 1.2298, Pos Sim = 0.4664, Neg Sim = 0.1081
2025-04-10 05:12:57,130 - INFO - Learning rate: 0.00000232
2025-04-10 05:12:57,552 - INFO - Saved checkpoint to checkpoints/best_model.pt
2025-04-10 05:18:26,485 - INFO - Epoch 60: Train Loss = 1.3071, Val Loss = 1.2645, Pos Sim = 0.4619, Neg Sim = 0.0941
2025-04-10 05:18:26,491 - INFO - Learning rate: 0.00000208
2025-04-10 05:24:09,678 - INFO - Epoch 61: Train Loss = 1.3142, Val Loss = 1.2435, Pos Sim = 0.4514, Neg Sim = 0.0922
2025-04-10 05:24:09,685 - INFO - Learning rate: 0.00000186
2025-04-10 05:30:03,443 - INFO - Epoch 62: Train Loss = 1.2856, Val Loss = 1.2215, Pos Sim = 0.4737, Neg Sim = 0.0955
2025-04-10 05:30:03,448 - INFO - Learning rate: 0.00000166
2025-04-10 05:30:03,882 - INFO - Saved checkpoint to checkpoints/best_model.pt
2025-04-10 05:36:07,018 - INFO - Epoch 63: Train Loss = 1.3064, Val Loss = 1.2385, Pos Sim = 0.4482, Neg Sim = 0.0677
2025-04-10 05:36:07,026 - INFO - Learning rate: 0.00000149
2025-04-10 05:42:17,083 - INFO - Epoch 64: Train Loss = 1.3253, Val Loss = 1.2646, Pos Sim = 0.4420, Neg Sim = 0.0811
2025-04-10 05:42:17,089 - INFO - Learning rate: 0.00000134
2025-04-10 05:48:39,927 - INFO - Epoch 65: Train Loss = 1.3126, Val Loss = 1.2114, Pos Sim = 0.4516, Neg Sim = 0.0871
2025-04-10 05:48:39,938 - INFO - Learning rate: 0.00000122
2025-04-10 05:48:40,408 - INFO - Saved checkpoint to checkpoints/best_model.pt
2025-04-10 05:54:36,589 - INFO - Epoch 66: Train Loss = 1.3054, Val Loss = 1.2486, Pos Sim = 0.4612, Neg Sim = 0.0914
2025-04-10 05:54:36,596 - INFO - Learning rate: 0.00000112
2025-04-10 06:00:01,330 - INFO - Epoch 67: Train Loss = 1.3006, Val Loss = 1.2225, Pos Sim = 0.4551, Neg Sim = 0.0866
2025-04-10 06:00:01,338 - INFO - Learning rate: 0.00000106
2025-04-10 06:05:38,443 - INFO - Epoch 68: Train Loss = 1.3210, Val Loss = 1.2104, Pos Sim = 0.4600, Neg Sim = 0.0968
2025-04-10 06:05:38,450 - INFO - Learning rate: 0.00000101
2025-04-10 06:05:38,891 - INFO - Saved checkpoint to checkpoints/best_model.pt
2025-04-10 06:11:15,119 - INFO - Epoch 69: Train Loss = 1.3047, Val Loss = 1.2249, Pos Sim = 0.4514, Neg Sim = 0.0819
2025-04-10 06:11:15,126 - INFO - Learning rate: 0.00001000
2025-04-10 06:17:14,338 - INFO - Epoch 70: Train Loss = 1.2955, Val Loss = 1.2911, Pos Sim = 0.4719, Neg Sim = 0.0784
2025-04-10 06:17:14,346 - INFO - Learning rate: 0.00001000
2025-04-10 06:23:24,139 - INFO - Epoch 71: Train Loss = 1.3483, Val Loss = 1.2991, Pos Sim = 0.4524, Neg Sim = 0.1186
2025-04-10 06:23:24,173 - INFO - Learning rate: 0.00000999
2025-04-10 06:29:43,549 - INFO - Epoch 72: Train Loss = 1.3447, Val Loss = 1.3009, Pos Sim = 0.4816, Neg Sim = 0.1553
2025-04-10 06:29:43,557 - INFO - Learning rate: 0.00000997
2025-04-10 06:35:09,570 - INFO - Epoch 73: Train Loss = 1.3512, Val Loss = 1.2673, Pos Sim = 0.4766, Neg Sim = 0.1676
2025-04-10 06:35:09,577 - INFO - Learning rate: 0.00000994
2025-04-10 06:40:39,028 - INFO - Epoch 74: Train Loss = 1.3270, Val Loss = 1.2788, Pos Sim = 0.4812, Neg Sim = 0.1468
2025-04-10 06:40:39,034 - INFO - Learning rate: 0.00000991
2025-04-10 06:46:23,056 - INFO - Epoch 75: Train Loss = 1.3189, Val Loss = 1.3137, Pos Sim = 0.4912, Neg Sim = 0.1428
2025-04-10 06:46:23,062 - INFO - Learning rate: 0.00000988
2025-04-10 06:51:52,231 - INFO - Epoch 76: Train Loss = 1.3294, Val Loss = 1.2518, Pos Sim = 0.4621, Neg Sim = 0.1085
2025-04-10 06:51:52,238 - INFO - Learning rate: 0.00000983
2025-04-10 06:58:17,111 - INFO - Epoch 77: Train Loss = 1.3166, Val Loss = 1.2221, Pos Sim = 0.4619, Neg Sim = 0.1028
2025-04-10 06:58:17,119 - INFO - Learning rate: 0.00000978
2025-04-10 07:04:29,986 - INFO - Epoch 78: Train Loss = 1.3144, Val Loss = 1.2888, Pos Sim = 0.4788, Neg Sim = 0.1107
2025-04-10 07:04:29,995 - INFO - Learning rate: 0.00000972
2025-04-10 07:10:55,336 - INFO - Epoch 79: Train Loss = 1.3268, Val Loss = 1.3119, Pos Sim = 0.4752, Neg Sim = 0.1296
2025-04-10 07:10:55,344 - INFO - Learning rate: 0.00000966
2025-04-10 07:16:28,929 - INFO - Epoch 80: Train Loss = 1.3237, Val Loss = 1.2493, Pos Sim = 0.4870, Neg Sim = 0.1365
2025-04-10 07:16:28,936 - INFO - Learning rate: 0.00000959
2025-04-10 07:21:53,258 - INFO - Epoch 81: Train Loss = 1.3322, Val Loss = 1.3266, Pos Sim = 0.4785, Neg Sim = 0.1237
2025-04-10 07:21:53,265 - INFO - Learning rate: 0.00000951
2025-04-10 07:27:24,600 - INFO - Epoch 82: Train Loss = 1.3342, Val Loss = 1.2792, Pos Sim = 0.4724, Neg Sim = 0.1171
2025-04-10 07:27:24,607 - INFO - Learning rate: 0.00000943
2025-04-10 07:32:56,068 - INFO - Epoch 83: Train Loss = 1.3204, Val Loss = 1.2587, Pos Sim = 0.4706, Neg Sim = 0.0915
2025-04-10 07:32:56,075 - INFO - Learning rate: 0.00000934
2025-04-10 07:38:20,390 - INFO - Epoch 84: Train Loss = 1.3129, Val Loss = 1.3022, Pos Sim = 0.4820, Neg Sim = 0.1045
2025-04-10 07:38:20,402 - INFO - Learning rate: 0.00000924
2025-04-10 07:43:51,779 - INFO - Epoch 85: Train Loss = 1.3061, Val Loss = 1.3054, Pos Sim = 0.4831, Neg Sim = 0.1153
2025-04-10 07:43:51,787 - INFO - Learning rate: 0.00000914
2025-04-10 07:49:22,999 - INFO - Epoch 86: Train Loss = 1.3244, Val Loss = 1.2531, Pos Sim = 0.4631, Neg Sim = 0.0978
2025-04-10 07:49:23,003 - INFO - Learning rate: 0.00000903
2025-04-10 07:54:56,062 - INFO - Epoch 87: Train Loss = 1.3385, Val Loss = 1.2362, Pos Sim = 0.4606, Neg Sim = 0.1164
2025-04-10 07:54:56,070 - INFO - Learning rate: 0.00000892
2025-04-10 08:00:24,627 - INFO - Epoch 88: Train Loss = 1.3416, Val Loss = 1.2692, Pos Sim = 0.4671, Neg Sim = 0.1254
2025-04-10 08:00:24,629 - INFO - Learning rate: 0.00000880
2025-04-10 08:05:53,150 - INFO - Epoch 89: Train Loss = 1.3261, Val Loss = 1.2976, Pos Sim = 0.4754, Neg Sim = 0.1308
2025-04-10 08:05:53,156 - INFO - Learning rate: 0.00000868
2025-04-10 08:11:26,516 - INFO - Epoch 90: Train Loss = 1.3259, Val Loss = 1.2751, Pos Sim = 0.4753, Neg Sim = 0.1352
2025-04-10 08:11:26,523 - INFO - Learning rate: 0.00000855
2025-04-10 08:17:08,338 - INFO - Epoch 91: Train Loss = 1.2991, Val Loss = 1.2626, Pos Sim = 0.4676, Neg Sim = 0.0798
2025-04-10 08:17:08,346 - INFO - Learning rate: 0.00000842
2025-04-10 08:22:38,000 - INFO - Epoch 92: Train Loss = 1.3320, Val Loss = 1.2473, Pos Sim = 0.4617, Neg Sim = 0.1109
2025-04-10 08:22:38,008 - INFO - Learning rate: 0.00000829
2025-04-10 08:28:04,349 - INFO - Epoch 93: Train Loss = 1.3357, Val Loss = 1.2645, Pos Sim = 0.4628, Neg Sim = 0.1296
2025-04-10 08:28:04,356 - INFO - Learning rate: 0.00000815
2025-04-10 08:33:59,324 - INFO - Epoch 94: Train Loss = 1.3148, Val Loss = 1.2296, Pos Sim = 0.4851, Neg Sim = 0.1179
2025-04-10 08:33:59,332 - INFO - Learning rate: 0.00000800
2025-04-10 08:40:00,732 - INFO - Epoch 95: Train Loss = 1.3055, Val Loss = 1.2306, Pos Sim = 0.4718, Neg Sim = 0.0973
2025-04-10 08:40:00,740 - INFO - Learning rate: 0.00000785
2025-04-10 08:45:30,928 - INFO - Epoch 96: Train Loss = 1.2753, Val Loss = 1.2372, Pos Sim = 0.4818, Neg Sim = 0.0589
2025-04-10 08:45:30,935 - INFO - Learning rate: 0.00000770
2025-04-10 08:51:03,023 - INFO - Epoch 97: Train Loss = 1.2973, Val Loss = 1.2456, Pos Sim = 0.4599, Neg Sim = 0.0504
2025-04-10 08:51:03,029 - INFO - Learning rate: 0.00000754
2025-04-10 08:56:39,476 - INFO - Epoch 98: Train Loss = 1.3152, Val Loss = 1.2768, Pos Sim = 0.4718, Neg Sim = 0.0985
2025-04-10 08:56:39,481 - INFO - Learning rate: 0.00000738
2025-04-10 08:56:39,481 - INFO - Early stopping triggered after 98 epochs
2025-04-10 08:56:39,482 - INFO - Training completed!
