2025-04-14 00:19:59,009 - utils.gpu_utils - INFO - Found 1 GPU(s)
2025-04-14 00:19:59,012 - utils.gpu_utils - INFO - GPU 0: NVIDIA H100 NVL
2025-04-14 00:19:59,012 - utils.gpu_utils - INFO - Using GPU: NVIDIA H100 NVL
2025-04-14 00:19:59,012 - __main__ - INFO - Using device: cuda
2025-04-14 00:19:59,187 - __main__ - INFO - Initialized OutfitGTN model with 12351490 parameters
2025-04-14 00:19:59,366 - __main__ - INFO - Initialized CosineAnnealingWarmRestarts scheduler
Checking for latest data in blob storage...
2025-04-14 00:19:59,366 - data_downloader - INFO - Connecting to Azure Blob Storage...
2025-04-14 00:19:59,370 - data_downloader - INFO - Finding latest graph file...
2025-04-14 00:20:00,402 - data_downloader - INFO - Finding latest dataset file...
2025-04-14 00:20:00,629 - data_downloader - INFO - Using existing graph version: graph_2025-04-12_19-53-08.json
2025-04-14 00:20:00,630 - data_downloader - INFO - Using existing dataset version: dataset_2025-04-14_08-06-24.json
2025-04-14 00:20:00,630 - data_downloader - INFO - Updated data version metadata
2025-04-14 00:20:00,630 - data_downloader - INFO - Using graph file: data_source/graph_2025-04-12_19-53-08.json
2025-04-14 00:20:00,630 - data_downloader - INFO - Using dataset file: data_source/dataset_2025-04-14_08-06-24.json
Using data files:
  - Graph: data_source/graph_2025-04-12_19-53-08.json
  - Dataset: data_source/dataset_2025-04-14_08-06-24.json

=== Training Dataset Statistics ===
Total nodes in graph: 108279
Nodes with valid samples (pos+neg): 86373

=== Validation Dataset Statistics ===
Total nodes in graph: 108279
Nodes with valid samples (pos+neg): 21594
2025-04-14 00:21:13,287 - __main__ - INFO - No checkpoint found. Starting training from scratch.
2025-04-14 00:24:15,338 - __main__ - INFO - Epoch 0: Train Loss = 1.4547, Val Loss = 1.5037, Pos Sim = 0.5833, Neg Sim = 0.5728
2025-04-14 00:24:15,340 - __main__ - INFO - Learning rate: 0.00000978
2025-04-14 00:24:15,978 - trainers.trainer - INFO - Saved checkpoint to checkpoints/best_model_GTN.pt
2025-04-14 00:27:30,084 - __main__ - INFO - Epoch 1: Train Loss = 1.4090, Val Loss = 1.4757, Pos Sim = 0.4977, Neg Sim = 0.4673
2025-04-14 00:27:30,085 - __main__ - INFO - Learning rate: 0.00000914
2025-04-14 00:27:30,689 - trainers.trainer - INFO - Saved checkpoint to checkpoints/best_model_GTN.pt
2025-04-14 00:30:30,381 - __main__ - INFO - Epoch 2: Train Loss = 1.4038, Val Loss = 1.4353, Pos Sim = 0.4823, Neg Sim = 0.4485
2025-04-14 00:30:30,382 - __main__ - INFO - Learning rate: 0.00000815
2025-04-14 00:30:30,923 - trainers.trainer - INFO - Saved checkpoint to checkpoints/best_model_GTN.pt
2025-04-14 00:33:42,155 - __main__ - INFO - Epoch 3: Train Loss = 1.3842, Val Loss = 1.4178, Pos Sim = 0.4725, Neg Sim = 0.4189
2025-04-14 00:33:42,156 - __main__ - INFO - Learning rate: 0.00000689
2025-04-14 00:33:42,740 - trainers.trainer - INFO - Saved checkpoint to checkpoints/best_model_GTN.pt
2025-04-14 00:36:47,490 - __main__ - INFO - Epoch 4: Train Loss = 1.3850, Val Loss = 1.4015, Pos Sim = 0.4481, Neg Sim = 0.3910
2025-04-14 00:36:47,491 - __main__ - INFO - Learning rate: 0.00000550
2025-04-14 00:36:48,084 - trainers.trainer - INFO - Saved checkpoint to checkpoints/best_model_GTN.pt
2025-04-14 00:39:54,662 - __main__ - INFO - Epoch 5: Train Loss = 1.3595, Val Loss = 1.3804, Pos Sim = 0.4620, Neg Sim = 0.3809
2025-04-14 00:39:54,663 - __main__ - INFO - Learning rate: 0.00000411
2025-04-14 00:39:55,160 - trainers.trainer - INFO - Saved checkpoint to checkpoints/best_model_GTN.pt
2025-04-14 00:43:04,832 - __main__ - INFO - Epoch 6: Train Loss = 1.3563, Val Loss = 1.3656, Pos Sim = 0.4323, Neg Sim = 0.3452
2025-04-14 00:43:04,833 - __main__ - INFO - Learning rate: 0.00000285
2025-04-14 00:43:05,445 - trainers.trainer - INFO - Saved checkpoint to checkpoints/best_model_GTN.pt
2025-04-14 00:46:08,099 - __main__ - INFO - Epoch 7: Train Loss = 1.3412, Val Loss = 1.3377, Pos Sim = 0.4227, Neg Sim = 0.3165
2025-04-14 00:46:08,100 - __main__ - INFO - Learning rate: 0.00000186
2025-04-14 00:46:08,703 - trainers.trainer - INFO - Saved checkpoint to checkpoints/best_model_GTN.pt
2025-04-14 00:49:14,142 - __main__ - INFO - Epoch 8: Train Loss = 1.3270, Val Loss = 1.3169, Pos Sim = 0.4089, Neg Sim = 0.2816
2025-04-14 00:49:14,144 - __main__ - INFO - Learning rate: 0.00000122
2025-04-14 00:49:14,789 - trainers.trainer - INFO - Saved checkpoint to checkpoints/best_model_GTN.pt
2025-04-14 00:52:16,511 - __main__ - INFO - Epoch 9: Train Loss = 1.3213, Val Loss = 1.3172, Pos Sim = 0.3848, Neg Sim = 0.2472
2025-04-14 00:52:16,512 - __main__ - INFO - Learning rate: 0.00001000
2025-04-14 00:55:18,556 - __main__ - INFO - Epoch 10: Train Loss = 1.3130, Val Loss = 1.2891, Pos Sim = 0.4001, Neg Sim = 0.2450
2025-04-14 00:55:18,557 - __main__ - INFO - Learning rate: 0.00000994
2025-04-14 00:55:19,050 - trainers.trainer - INFO - Saved checkpoint to checkpoints/best_model_GTN.pt
2025-04-14 00:58:29,971 - __main__ - INFO - Epoch 11: Train Loss = 1.2718, Val Loss = 1.2980, Pos Sim = 0.3669, Neg Sim = 0.1428
2025-04-14 00:58:29,973 - __main__ - INFO - Learning rate: 0.00000978
2025-04-14 01:01:40,151 - __main__ - INFO - Epoch 12: Train Loss = 1.2669, Val Loss = 1.2772, Pos Sim = 0.3648, Neg Sim = 0.0857
2025-04-14 01:01:40,152 - __main__ - INFO - Learning rate: 0.00000951
2025-04-14 01:01:40,641 - trainers.trainer - INFO - Saved checkpoint to checkpoints/best_model_GTN.pt
2025-04-14 01:04:49,740 - __main__ - INFO - Epoch 13: Train Loss = 1.2313, Val Loss = 1.2886, Pos Sim = 0.3952, Neg Sim = 0.0832
2025-04-14 01:04:49,741 - __main__ - INFO - Learning rate: 0.00000914
2025-04-14 01:07:57,100 - __main__ - INFO - Epoch 14: Train Loss = 1.2898, Val Loss = 1.3017, Pos Sim = 0.3671, Neg Sim = 0.0883
2025-04-14 01:07:57,106 - __main__ - INFO - Learning rate: 0.00000868
2025-04-14 01:11:14,014 - __main__ - INFO - Epoch 15: Train Loss = 1.2580, Val Loss = 1.2679, Pos Sim = 0.3707, Neg Sim = 0.0767
2025-04-14 01:11:14,015 - __main__ - INFO - Learning rate: 0.00000815
2025-04-14 01:11:14,661 - trainers.trainer - INFO - Saved checkpoint to checkpoints/best_model_GTN.pt
2025-04-14 01:14:23,273 - __main__ - INFO - Epoch 16: Train Loss = 1.2297, Val Loss = 1.2194, Pos Sim = 0.3976, Neg Sim = 0.0800
2025-04-14 01:14:23,274 - __main__ - INFO - Learning rate: 0.00000754
2025-04-14 01:14:23,892 - trainers.trainer - INFO - Saved checkpoint to checkpoints/best_model_GTN.pt
2025-04-14 01:17:28,977 - __main__ - INFO - Epoch 17: Train Loss = 1.1850, Val Loss = 1.2447, Pos Sim = 0.4242, Neg Sim = 0.0552
2025-04-14 01:17:28,978 - __main__ - INFO - Learning rate: 0.00000689
2025-04-14 01:20:41,938 - __main__ - INFO - Epoch 18: Train Loss = 1.1895, Val Loss = 1.2320, Pos Sim = 0.4051, Neg Sim = 0.0204
2025-04-14 01:20:41,939 - __main__ - INFO - Learning rate: 0.00000620
2025-04-14 01:23:49,505 - __main__ - INFO - Epoch 19: Train Loss = 1.2034, Val Loss = 1.2260, Pos Sim = 0.4112, Neg Sim = 0.0352
2025-04-14 01:23:49,506 - __main__ - INFO - Learning rate: 0.00000550
2025-04-14 01:26:54,651 - __main__ - INFO - Epoch 20: Train Loss = 1.1847, Val Loss = 1.2088, Pos Sim = 0.4213, Neg Sim = 0.0181
2025-04-14 01:26:54,652 - __main__ - INFO - Learning rate: 0.00000480
2025-04-14 01:26:55,296 - trainers.trainer - INFO - Saved checkpoint to checkpoints/best_model_GTN.pt
2025-04-14 01:30:05,422 - __main__ - INFO - Epoch 21: Train Loss = 1.2028, Val Loss = 1.2013, Pos Sim = 0.4172, Neg Sim = 0.0420
2025-04-14 01:30:05,423 - __main__ - INFO - Learning rate: 0.00000411
2025-04-14 01:30:06,079 - trainers.trainer - INFO - Saved checkpoint to checkpoints/best_model_GTN.pt
2025-04-14 01:33:17,036 - __main__ - INFO - Epoch 22: Train Loss = 1.2277, Val Loss = 1.1972, Pos Sim = 0.4116, Neg Sim = 0.0588
2025-04-14 01:33:17,037 - __main__ - INFO - Learning rate: 0.00000346
2025-04-14 01:33:17,526 - trainers.trainer - INFO - Saved checkpoint to checkpoints/best_model_GTN.pt
2025-04-14 01:36:21,406 - __main__ - INFO - Epoch 23: Train Loss = 1.1908, Val Loss = 1.2346, Pos Sim = 0.4151, Neg Sim = 0.0314
2025-04-14 01:36:21,408 - __main__ - INFO - Learning rate: 0.00000285
2025-04-14 01:39:34,667 - __main__ - INFO - Epoch 24: Train Loss = 1.1943, Val Loss = 1.2263, Pos Sim = 0.4105, Neg Sim = 0.0316
2025-04-14 01:39:34,668 - __main__ - INFO - Learning rate: 0.00000232
2025-04-14 01:42:49,074 - __main__ - INFO - Epoch 25: Train Loss = 1.1717, Val Loss = 1.2027, Pos Sim = 0.4338, Neg Sim = 0.0309
2025-04-14 01:42:49,075 - __main__ - INFO - Learning rate: 0.00000186
2025-04-14 01:45:54,544 - __main__ - INFO - Epoch 26: Train Loss = 1.1805, Val Loss = 1.2293, Pos Sim = 0.4385, Neg Sim = 0.0436
2025-04-14 01:45:54,545 - __main__ - INFO - Learning rate: 0.00000149
2025-04-14 01:49:03,965 - __main__ - INFO - Epoch 27: Train Loss = 1.1947, Val Loss = 1.2689, Pos Sim = 0.4312, Neg Sim = 0.0435
2025-04-14 01:49:03,966 - __main__ - INFO - Learning rate: 0.00000122
2025-04-14 01:52:20,239 - __main__ - INFO - Epoch 28: Train Loss = 1.1921, Val Loss = 1.2131, Pos Sim = 0.4337, Neg Sim = 0.0494
2025-04-14 01:52:20,240 - __main__ - INFO - Learning rate: 0.00000106
2025-04-14 01:55:24,012 - __main__ - INFO - Epoch 29: Train Loss = 1.2132, Val Loss = 1.2038, Pos Sim = 0.4164, Neg Sim = 0.0540
2025-04-14 01:55:24,013 - __main__ - INFO - Learning rate: 0.00001000
2025-04-14 01:58:32,504 - __main__ - INFO - Epoch 30: Train Loss = 1.1915, Val Loss = 1.1985, Pos Sim = 0.4027, Neg Sim = 0.0081
2025-04-14 01:58:32,505 - __main__ - INFO - Learning rate: 0.00000999
2025-04-14 02:01:45,751 - __main__ - INFO - Epoch 31: Train Loss = 1.1794, Val Loss = 1.2581, Pos Sim = 0.4325, Neg Sim = 0.0338
2025-04-14 02:01:45,752 - __main__ - INFO - Learning rate: 0.00000994
2025-04-14 02:04:54,647 - __main__ - INFO - Epoch 32: Train Loss = 1.2055, Val Loss = 1.2416, Pos Sim = 0.4332, Neg Sim = 0.0523
2025-04-14 02:04:54,648 - __main__ - INFO - Learning rate: 0.00000988
2025-04-14 02:08:00,979 - __main__ - INFO - Epoch 33: Train Loss = 1.1998, Val Loss = 1.2159, Pos Sim = 0.4234, Neg Sim = 0.0403
2025-04-14 02:08:00,981 - __main__ - INFO - Learning rate: 0.00000978
2025-04-14 02:11:10,282 - __main__ - INFO - Epoch 34: Train Loss = 1.2111, Val Loss = 1.2276, Pos Sim = 0.4345, Neg Sim = 0.0623
2025-04-14 02:11:10,283 - __main__ - INFO - Learning rate: 0.00000966
2025-04-14 02:14:12,208 - __main__ - INFO - Epoch 35: Train Loss = 1.2041, Val Loss = 1.2931, Pos Sim = 0.4588, Neg Sim = 0.0873
2025-04-14 02:14:12,209 - __main__ - INFO - Learning rate: 0.00000951
2025-04-14 02:17:19,491 - __main__ - INFO - Epoch 36: Train Loss = 1.1796, Val Loss = 1.2029, Pos Sim = 0.4540, Neg Sim = 0.0393
2025-04-14 02:17:19,492 - __main__ - INFO - Learning rate: 0.00000934
2025-04-14 02:20:33,315 - __main__ - INFO - Epoch 37: Train Loss = 1.1817, Val Loss = 1.2187, Pos Sim = 0.4676, Neg Sim = 0.0670
2025-04-14 02:20:33,316 - __main__ - INFO - Learning rate: 0.00000914
2025-04-14 02:23:40,877 - __main__ - INFO - Epoch 38: Train Loss = 1.1698, Val Loss = 1.2036, Pos Sim = 0.4868, Neg Sim = 0.0645
2025-04-14 02:23:40,878 - __main__ - INFO - Learning rate: 0.00000892
2025-04-14 02:26:47,804 - __main__ - INFO - Epoch 39: Train Loss = 1.1765, Val Loss = 1.2093, Pos Sim = 0.4649, Neg Sim = 0.0519
2025-04-14 02:26:47,805 - __main__ - INFO - Learning rate: 0.00000868
2025-04-14 02:29:57,078 - __main__ - INFO - Epoch 40: Train Loss = 1.1756, Val Loss = 1.1970, Pos Sim = 0.4697, Neg Sim = 0.0537
2025-04-14 02:29:57,079 - __main__ - INFO - Learning rate: 0.00000842
2025-04-14 02:29:57,573 - trainers.trainer - INFO - Saved checkpoint to checkpoints/best_model_GTN.pt
2025-04-14 02:33:05,102 - __main__ - INFO - Epoch 41: Train Loss = 1.2217, Val Loss = 1.2345, Pos Sim = 0.4154, Neg Sim = 0.0387
2025-04-14 02:33:05,105 - __main__ - INFO - Learning rate: 0.00000815
2025-04-14 02:36:11,318 - __main__ - INFO - Epoch 42: Train Loss = 1.1791, Val Loss = 1.1686, Pos Sim = 0.4592, Neg Sim = 0.0564
2025-04-14 02:36:11,320 - __main__ - INFO - Learning rate: 0.00000785
2025-04-14 02:36:11,957 - trainers.trainer - INFO - Saved checkpoint to checkpoints/best_model_GTN.pt
2025-04-14 02:39:23,941 - __main__ - INFO - Epoch 43: Train Loss = 1.1963, Val Loss = 1.2127, Pos Sim = 0.4371, Neg Sim = 0.0487
2025-04-14 02:39:23,944 - __main__ - INFO - Learning rate: 0.00000754
2025-04-14 02:42:24,581 - __main__ - INFO - Epoch 44: Train Loss = 1.1636, Val Loss = 1.2142, Pos Sim = 0.4655, Neg Sim = 0.0540
2025-04-14 02:42:24,582 - __main__ - INFO - Learning rate: 0.00000722
2025-04-14 02:45:36,959 - __main__ - INFO - Epoch 45: Train Loss = 1.1761, Val Loss = 1.1209, Pos Sim = 0.4719, Neg Sim = 0.0668
2025-04-14 02:45:36,960 - __main__ - INFO - Learning rate: 0.00000689
2025-04-14 02:45:37,568 - trainers.trainer - INFO - Saved checkpoint to checkpoints/best_model_GTN.pt
2025-04-14 02:48:36,747 - __main__ - INFO - Epoch 46: Train Loss = 1.1796, Val Loss = 1.1884, Pos Sim = 0.4424, Neg Sim = 0.0344
2025-04-14 02:48:36,748 - __main__ - INFO - Learning rate: 0.00000655
2025-04-14 02:51:45,255 - __main__ - INFO - Epoch 47: Train Loss = 1.1483, Val Loss = 1.2450, Pos Sim = 0.4809, Neg Sim = 0.0395
2025-04-14 02:51:45,256 - __main__ - INFO - Learning rate: 0.00000620
2025-04-14 02:54:49,227 - __main__ - INFO - Epoch 48: Train Loss = 1.1825, Val Loss = 1.2172, Pos Sim = 0.4350, Neg Sim = 0.0170
2025-04-14 02:54:49,228 - __main__ - INFO - Learning rate: 0.00000585
2025-04-14 02:57:58,666 - __main__ - INFO - Epoch 49: Train Loss = 1.1413, Val Loss = 1.2942, Pos Sim = 0.4672, Neg Sim = 0.0148
2025-04-14 02:57:58,668 - __main__ - INFO - Learning rate: 0.00000550
2025-04-14 03:01:02,667 - __main__ - INFO - Epoch 50: Train Loss = 1.1821, Val Loss = 1.2183, Pos Sim = 0.4680, Neg Sim = 0.0528
2025-04-14 03:01:02,668 - __main__ - INFO - Learning rate: 0.00000515
2025-04-14 03:04:01,407 - __main__ - INFO - Epoch 51: Train Loss = 1.1943, Val Loss = 1.1795, Pos Sim = 0.4494, Neg Sim = 0.0574
2025-04-14 03:04:01,409 - __main__ - INFO - Learning rate: 0.00000480
2025-04-14 03:07:07,481 - __main__ - INFO - Epoch 52: Train Loss = 1.1964, Val Loss = 1.1864, Pos Sim = 0.4328, Neg Sim = 0.0508
2025-04-14 03:07:07,482 - __main__ - INFO - Learning rate: 0.00000445
2025-04-14 03:10:12,762 - __main__ - INFO - Epoch 53: Train Loss = 1.1732, Val Loss = 1.2679, Pos Sim = 0.4332, Neg Sim = 0.0289
2025-04-14 03:10:12,763 - __main__ - INFO - Learning rate: 0.00000411
2025-04-14 03:13:17,429 - __main__ - INFO - Epoch 54: Train Loss = 1.1503, Val Loss = 1.1856, Pos Sim = 0.4710, Neg Sim = 0.0434
2025-04-14 03:13:17,431 - __main__ - INFO - Learning rate: 0.00000378
2025-04-14 03:16:32,915 - __main__ - INFO - Epoch 55: Train Loss = 1.1764, Val Loss = 1.1965, Pos Sim = 0.4541, Neg Sim = 0.0469
2025-04-14 03:16:32,916 - __main__ - INFO - Learning rate: 0.00000346
2025-04-14 03:19:35,418 - __main__ - INFO - Epoch 56: Train Loss = 1.1495, Val Loss = 1.1926, Pos Sim = 0.4836, Neg Sim = 0.0561
2025-04-14 03:19:35,419 - __main__ - INFO - Learning rate: 0.00000315
2025-04-14 03:22:41,098 - __main__ - INFO - Epoch 57: Train Loss = 1.1649, Val Loss = 1.1816, Pos Sim = 0.4826, Neg Sim = 0.0671
2025-04-14 03:22:41,099 - __main__ - INFO - Learning rate: 0.00000285
2025-04-14 03:25:50,217 - __main__ - INFO - Epoch 58: Train Loss = 1.1545, Val Loss = 1.2374, Pos Sim = 0.4756, Neg Sim = 0.0567
2025-04-14 03:25:50,218 - __main__ - INFO - Learning rate: 0.00000258
2025-04-14 03:28:53,749 - __main__ - INFO - Epoch 59: Train Loss = 1.1689, Val Loss = 1.1839, Pos Sim = 0.4713, Neg Sim = 0.0573
2025-04-14 03:28:53,750 - __main__ - INFO - Learning rate: 0.00000232
2025-04-14 03:31:59,025 - __main__ - INFO - Epoch 60: Train Loss = 1.1556, Val Loss = 1.1840, Pos Sim = 0.4607, Neg Sim = 0.0319
2025-04-14 03:31:59,026 - __main__ - INFO - Learning rate: 0.00000208
2025-04-14 03:35:04,090 - __main__ - INFO - Epoch 61: Train Loss = 1.1200, Val Loss = 1.1847, Pos Sim = 0.4910, Neg Sim = 0.0325
2025-04-14 03:35:04,092 - __main__ - INFO - Learning rate: 0.00000186
2025-04-14 03:38:11,302 - __main__ - INFO - Epoch 62: Train Loss = 1.1635, Val Loss = 1.1726, Pos Sim = 0.4667, Neg Sim = 0.0379
2025-04-14 03:38:11,303 - __main__ - INFO - Learning rate: 0.00000166
2025-04-14 03:41:11,828 - __main__ - INFO - Epoch 63: Train Loss = 1.1606, Val Loss = 1.1517, Pos Sim = 0.4517, Neg Sim = 0.0253
2025-04-14 03:41:11,829 - __main__ - INFO - Learning rate: 0.00000149
2025-04-14 03:44:20,609 - __main__ - INFO - Epoch 64: Train Loss = 1.1625, Val Loss = 1.1415, Pos Sim = 0.4625, Neg Sim = 0.0419
2025-04-14 03:44:20,610 - __main__ - INFO - Learning rate: 0.00000134
2025-04-14 03:47:31,065 - __main__ - INFO - Epoch 65: Train Loss = 1.1298, Val Loss = 1.1739, Pos Sim = 0.4863, Neg Sim = 0.0389
2025-04-14 03:47:31,066 - __main__ - INFO - Learning rate: 0.00000122
2025-04-14 03:50:39,307 - __main__ - INFO - Epoch 66: Train Loss = 1.1731, Val Loss = 1.1815, Pos Sim = 0.4563, Neg Sim = 0.0414
2025-04-14 03:50:39,308 - __main__ - INFO - Learning rate: 0.00000112
2025-04-14 03:53:47,423 - __main__ - INFO - Epoch 67: Train Loss = 1.1628, Val Loss = 1.1522, Pos Sim = 0.4538, Neg Sim = 0.0318
2025-04-14 03:53:47,424 - __main__ - INFO - Learning rate: 0.00000106
2025-04-14 03:57:02,441 - __main__ - INFO - Epoch 68: Train Loss = 1.1701, Val Loss = 1.1833, Pos Sim = 0.4480, Neg Sim = 0.0284
2025-04-14 03:57:02,441 - __main__ - INFO - Learning rate: 0.00000101
2025-04-14 04:00:12,734 - __main__ - INFO - Epoch 69: Train Loss = 1.1508, Val Loss = 1.1583, Pos Sim = 0.4771, Neg Sim = 0.0407
2025-04-14 04:00:12,735 - __main__ - INFO - Learning rate: 0.00001000
2025-04-14 04:03:27,441 - __main__ - INFO - Epoch 70: Train Loss = 1.1276, Val Loss = 1.2470, Pos Sim = 0.4679, Neg Sim = 0.0119
2025-04-14 04:03:27,443 - __main__ - INFO - Learning rate: 0.00001000
2025-04-14 04:06:36,034 - __main__ - INFO - Epoch 71: Train Loss = 1.1741, Val Loss = 1.1969, Pos Sim = 0.5027, Neg Sim = 0.0946
2025-04-14 04:06:36,035 - __main__ - INFO - Learning rate: 0.00000999
2025-04-14 04:09:43,735 - __main__ - INFO - Epoch 72: Train Loss = 1.1852, Val Loss = 1.2196, Pos Sim = 0.4239, Neg Sim = 0.0197
2025-04-14 04:09:43,736 - __main__ - INFO - Learning rate: 0.00000997
2025-04-14 04:12:50,444 - __main__ - INFO - Epoch 73: Train Loss = 1.1420, Val Loss = 1.1786, Pos Sim = 0.5051, Neg Sim = 0.0673
2025-04-14 04:12:50,447 - __main__ - INFO - Learning rate: 0.00000994
2025-04-14 04:15:54,479 - __main__ - INFO - Epoch 74: Train Loss = 1.1877, Val Loss = 1.1730, Pos Sim = 0.4588, Neg Sim = 0.0610
2025-04-14 04:15:54,480 - __main__ - INFO - Learning rate: 0.00000991
2025-04-14 04:18:59,393 - __main__ - INFO - Epoch 75: Train Loss = 1.1606, Val Loss = 1.1467, Pos Sim = 0.4344, Neg Sim = 0.0043
2025-04-14 04:18:59,394 - __main__ - INFO - Learning rate: 0.00000988
2025-04-14 04:19:00,017 - __main__ - INFO - Early stopping triggered after 75 epochs
2025-04-14 04:19:00,018 - __main__ - INFO - Training completed successfully. Removing temporary checkpoint.
2025-04-14 04:19:00,073 - __main__ - INFO - Removed temporary checkpoint: checkpoints/latest_checkpoint_GTN.pt
2025-04-14 04:19:00,073 - __main__ - INFO - Final best model saved at: checkpoints/best_model_GTN.pt
2025-04-14 04:19:00,073 - __main__ - INFO - Training completed!