2025-04-08 20:24:50,743 - INFO - Found 1 GPU(s)
2025-04-08 20:24:50,745 - INFO - GPU 0: NVIDIA L40S
2025-04-08 20:24:50,745 - INFO - Using GPU: NVIDIA L40S
2025-04-08 20:24:50,746 - INFO - Using device: cuda
2025-04-08 20:24:50,901 - INFO - Initialized OutfitGAT model with 8220164 parameters
2025-04-08 20:34:48,983 - INFO - Epoch 0: Train Loss = 1.5966, Val Loss = 1.5773, Pos Sim = 0.7203, Neg Sim = 0.6875
2025-04-08 20:34:49,478 - INFO - Saved checkpoint to checkpoints/best_model.pt
2025-04-08 20:44:06,018 - INFO - Epoch 1: Train Loss = 1.5502, Val Loss = 1.4206, Pos Sim = 0.4983, Neg Sim = 0.3755
2025-04-08 20:44:06,493 - INFO - Saved checkpoint to checkpoints/best_model.pt
2025-04-08 20:53:15,186 - INFO - Epoch 2: Train Loss = 1.5067, Val Loss = 1.3736, Pos Sim = 0.3863, Neg Sim = 0.1876
2025-04-08 20:53:15,643 - INFO - Saved checkpoint to checkpoints/best_model.pt
2025-04-08 21:02:25,396 - INFO - Epoch 3: Train Loss = 1.4933, Val Loss = 1.3823, Pos Sim = 0.3743, Neg Sim = 0.1551
2025-04-08 21:11:37,444 - INFO - Epoch 4: Train Loss = 1.4642, Val Loss = 1.3774, Pos Sim = 0.3780, Neg Sim = 0.1163
2025-04-08 21:20:46,450 - INFO - Epoch 5: Train Loss = 1.4573, Val Loss = 1.3793, Pos Sim = 0.3721, Neg Sim = 0.1124
2025-04-08 21:29:57,612 - INFO - Epoch 6: Train Loss = 1.4410, Val Loss = 1.3716, Pos Sim = 0.3680, Neg Sim = 0.0776
2025-04-08 21:29:58,104 - INFO - Saved checkpoint to checkpoints/best_model.pt
2025-04-08 21:39:07,824 - INFO - Epoch 7: Train Loss = 1.4461, Val Loss = 1.3319, Pos Sim = 0.3631, Neg Sim = 0.0747
2025-04-08 21:39:08,339 - INFO - Saved checkpoint to checkpoints/best_model.pt
2025-04-08 21:48:23,185 - INFO - Epoch 8: Train Loss = 1.4509, Val Loss = 1.3452, Pos Sim = 0.3780, Neg Sim = 0.0891
2025-04-08 21:57:30,588 - INFO - Epoch 9: Train Loss = 1.4435, Val Loss = 1.3236, Pos Sim = 0.3757, Neg Sim = 0.0831
2025-04-08 21:57:31,071 - INFO - Saved checkpoint to checkpoints/best_model.pt
2025-04-08 22:06:40,845 - INFO - Epoch 10: Train Loss = 1.4402, Val Loss = 1.3469, Pos Sim = 0.3891, Neg Sim = 0.1001
2025-04-08 22:15:52,329 - INFO - Epoch 11: Train Loss = 1.4605, Val Loss = 1.3528, Pos Sim = 0.3600, Neg Sim = 0.1024
2025-04-08 22:25:07,812 - INFO - Epoch 12: Train Loss = 1.4295, Val Loss = 1.3374, Pos Sim = 0.3660, Neg Sim = 0.0679
2025-04-08 22:34:21,190 - INFO - Epoch 13: Train Loss = 1.4162, Val Loss = 1.3542, Pos Sim = 0.3941, Neg Sim = 0.0820
2025-04-08 22:43:31,470 - INFO - Epoch 14: Train Loss = 1.4177, Val Loss = 1.3424, Pos Sim = 0.4049, Neg Sim = 0.1032
2025-04-08 22:52:43,994 - INFO - Epoch 15: Train Loss = 1.4529, Val Loss = 1.3336, Pos Sim = 0.3750, Neg Sim = 0.0988
2025-04-08 23:01:55,155 - INFO - Epoch 16: Train Loss = 1.4159, Val Loss = 1.3333, Pos Sim = 0.3955, Neg Sim = 0.0972
2025-04-08 23:11:05,103 - INFO - Epoch 17: Train Loss = 1.4230, Val Loss = 1.3375, Pos Sim = 0.3857, Neg Sim = 0.0914
2025-04-08 23:20:16,926 - INFO - Epoch 18: Train Loss = 1.4103, Val Loss = 1.2637, Pos Sim = 0.3956, Neg Sim = 0.0997
2025-04-08 23:20:17,351 - INFO - Saved checkpoint to checkpoints/best_model.pt
2025-04-08 23:29:25,773 - INFO - Epoch 19: Train Loss = 1.3989, Val Loss = 1.3087, Pos Sim = 0.4032, Neg Sim = 0.0685
2025-04-08 23:38:37,330 - INFO - Epoch 20: Train Loss = 1.4054, Val Loss = 1.3092, Pos Sim = 0.3967, Neg Sim = 0.0829
2025-04-08 23:47:45,947 - INFO - Epoch 21: Train Loss = 1.4125, Val Loss = 1.2875, Pos Sim = 0.4086, Neg Sim = 0.1002
2025-04-08 23:56:51,083 - INFO - Epoch 22: Train Loss = 1.4048, Val Loss = 1.3525, Pos Sim = 0.3718, Neg Sim = 0.0702
2025-04-09 00:06:04,920 - INFO - Epoch 23: Train Loss = 1.4113, Val Loss = 1.2976, Pos Sim = 0.3741, Neg Sim = 0.0781
2025-04-09 00:15:15,905 - INFO - Epoch 24: Train Loss = 1.4132, Val Loss = 1.3214, Pos Sim = 0.4004, Neg Sim = 0.1016
2025-04-09 00:24:31,558 - INFO - Epoch 25: Train Loss = 1.3711, Val Loss = 1.3055, Pos Sim = 0.4053, Neg Sim = 0.0570
2025-04-09 00:33:47,899 - INFO - Epoch 26: Train Loss = 1.3919, Val Loss = 1.2661, Pos Sim = 0.3820, Neg Sim = 0.0675
2025-04-09 00:42:58,967 - INFO - Epoch 27: Train Loss = 1.3872, Val Loss = 1.2848, Pos Sim = 0.4135, Neg Sim = 0.0875
2025-04-09 00:52:11,863 - INFO - Epoch 28: Train Loss = 1.3985, Val Loss = 1.3049, Pos Sim = 0.3926, Neg Sim = 0.0686
2025-04-09 01:01:27,324 - INFO - Epoch 29: Train Loss = 1.3873, Val Loss = 1.2740, Pos Sim = 0.4132, Neg Sim = 0.0983
2025-04-09 01:10:38,771 - INFO - Epoch 30: Train Loss = 1.3839, Val Loss = 1.2794, Pos Sim = 0.3934, Neg Sim = 0.0673
2025-04-09 01:19:54,519 - INFO - Epoch 31: Train Loss = 1.3910, Val Loss = 1.2763, Pos Sim = 0.3998, Neg Sim = 0.0732
2025-04-09 01:29:06,941 - INFO - Epoch 32: Train Loss = 1.3899, Val Loss = 1.2907, Pos Sim = 0.4032, Neg Sim = 0.0793
2025-04-09 01:38:17,084 - INFO - Epoch 33: Train Loss = 1.3945, Val Loss = 1.3229, Pos Sim = 0.3877, Neg Sim = 0.0602
2025-04-09 01:47:32,288 - INFO - Epoch 34: Train Loss = 1.3879, Val Loss = 1.3058, Pos Sim = 0.4028, Neg Sim = 0.0833
2025-04-09 01:56:41,116 - INFO - Epoch 35: Train Loss = 1.3944, Val Loss = 1.3321, Pos Sim = 0.4035, Neg Sim = 0.0757
2025-04-09 02:05:51,040 - INFO - Epoch 36: Train Loss = 1.3935, Val Loss = 1.2486, Pos Sim = 0.3744, Neg Sim = 0.0594
2025-04-09 02:05:51,663 - INFO - Saved checkpoint to checkpoints/best_model.pt
2025-04-09 02:15:04,170 - INFO - Epoch 37: Train Loss = 1.3595, Val Loss = 1.2466, Pos Sim = 0.4085, Neg Sim = 0.0598
2025-04-09 02:15:04,648 - INFO - Saved checkpoint to checkpoints/best_model.pt
2025-04-09 02:24:15,343 - INFO - Epoch 38: Train Loss = 1.3698, Val Loss = 1.2522, Pos Sim = 0.4180, Neg Sim = 0.0772
2025-04-09 02:33:25,564 - INFO - Epoch 39: Train Loss = 1.3983, Val Loss = 1.2280, Pos Sim = 0.3894, Neg Sim = 0.0727
2025-04-09 02:33:26,351 - INFO - Saved checkpoint to checkpoints/best_model.pt
2025-04-09 02:42:39,021 - INFO - Epoch 40: Train Loss = 1.3932, Val Loss = 1.2656, Pos Sim = 0.4051, Neg Sim = 0.0945
2025-04-09 02:51:54,432 - INFO - Epoch 41: Train Loss = 1.3578, Val Loss = 1.3258, Pos Sim = 0.4170, Neg Sim = 0.0421
2025-04-09 03:01:07,234 - INFO - Epoch 42: Train Loss = 1.3631, Val Loss = 1.2663, Pos Sim = 0.4257, Neg Sim = 0.0586
2025-04-09 03:10:20,221 - INFO - Epoch 43: Train Loss = 1.3177, Val Loss = 1.2370, Pos Sim = 0.4029, Neg Sim = 0.0192
2025-04-09 03:19:31,886 - INFO - Epoch 44: Train Loss = 1.3658, Val Loss = 1.3275, Pos Sim = 0.4142, Neg Sim = 0.0597
2025-04-09 03:28:44,670 - INFO - Epoch 45: Train Loss = 1.3949, Val Loss = 1.2436, Pos Sim = 0.3736, Neg Sim = 0.0561
2025-04-09 03:37:54,477 - INFO - Epoch 46: Train Loss = 1.3817, Val Loss = 1.2853, Pos Sim = 0.4119, Neg Sim = 0.0797
2025-04-09 03:47:06,903 - INFO - Epoch 47: Train Loss = 1.3402, Val Loss = 1.3010, Pos Sim = 0.4148, Neg Sim = 0.0432
2025-04-09 03:56:16,997 - INFO - Epoch 48: Train Loss = 1.3727, Val Loss = 1.2492, Pos Sim = 0.3969, Neg Sim = 0.0633
2025-04-09 04:05:26,452 - INFO - Epoch 49: Train Loss = 1.3300, Val Loss = 1.2718, Pos Sim = 0.4373, Neg Sim = 0.0492
2025-04-09 04:14:38,579 - INFO - Epoch 50: Train Loss = 1.3634, Val Loss = 1.2951, Pos Sim = 0.4035, Neg Sim = 0.0529
2025-04-09 04:23:45,912 - INFO - Epoch 51: Train Loss = 1.3600, Val Loss = 1.2472, Pos Sim = 0.4254, Neg Sim = 0.0788
2025-04-09 04:32:57,571 - INFO - Epoch 52: Train Loss = 1.3491, Val Loss = 1.2704, Pos Sim = 0.4141, Neg Sim = 0.0504
2025-04-09 04:42:11,225 - INFO - Epoch 53: Train Loss = 1.3675, Val Loss = 1.2664, Pos Sim = 0.4082, Neg Sim = 0.0605
2025-04-09 04:51:32,775 - INFO - Epoch 54: Train Loss = 1.3744, Val Loss = 1.2868, Pos Sim = 0.4235, Neg Sim = 0.0752
2025-04-09 05:01:21,094 - INFO - Epoch 55: Train Loss = 1.3761, Val Loss = 1.2531, Pos Sim = 0.4077, Neg Sim = 0.0761
2025-04-09 05:11:07,663 - INFO - Epoch 56: Train Loss = 1.3553, Val Loss = 1.2552, Pos Sim = 0.4018, Neg Sim = 0.0506
2025-04-09 05:20:52,686 - INFO - Epoch 57: Train Loss = 1.3599, Val Loss = 1.2653, Pos Sim = 0.4192, Neg Sim = 0.0704
2025-04-09 05:30:39,872 - INFO - Epoch 58: Train Loss = 1.3613, Val Loss = 1.2242, Pos Sim = 0.4138, Neg Sim = 0.0612
2025-04-09 05:30:40,361 - INFO - Saved checkpoint to checkpoints/best_model.pt
2025-04-09 05:40:26,626 - INFO - Epoch 59: Train Loss = 1.3423, Val Loss = 1.3238, Pos Sim = 0.4211, Neg Sim = 0.0475
2025-04-09 05:50:09,705 - INFO - Epoch 60: Train Loss = 1.3834, Val Loss = 1.2431, Pos Sim = 0.3989, Neg Sim = 0.0639
2025-04-09 05:59:44,275 - INFO - Epoch 61: Train Loss = 1.3576, Val Loss = 1.4118, Pos Sim = 0.4244, Neg Sim = 0.0651
2025-04-09 06:08:58,514 - INFO - Epoch 62: Train Loss = 1.3421, Val Loss = 1.2045, Pos Sim = 0.4059, Neg Sim = 0.0483
2025-04-09 06:08:58,873 - INFO - Saved checkpoint to checkpoints/best_model.pt
2025-04-09 06:18:07,610 - INFO - Epoch 63: Train Loss = 1.3875, Val Loss = 1.2801, Pos Sim = 0.4101, Neg Sim = 0.0764
2025-04-09 06:27:16,174 - INFO - Epoch 64: Train Loss = 1.3598, Val Loss = 1.2610, Pos Sim = 0.3851, Neg Sim = 0.0470
2025-04-09 06:36:32,139 - INFO - Epoch 65: Train Loss = 1.3668, Val Loss = 1.2403, Pos Sim = 0.4269, Neg Sim = 0.0775
2025-04-09 06:45:45,505 - INFO - Epoch 66: Train Loss = 1.3541, Val Loss = 1.2126, Pos Sim = 0.4204, Neg Sim = 0.0699
2025-04-09 06:54:58,925 - INFO - Epoch 67: Train Loss = 1.3490, Val Loss = 1.2767, Pos Sim = 0.4304, Neg Sim = 0.0668
2025-04-09 07:04:07,588 - INFO - Epoch 68: Train Loss = 1.3427, Val Loss = 1.1914, Pos Sim = 0.4131, Neg Sim = 0.0450
2025-04-09 07:04:08,400 - INFO - Saved checkpoint to checkpoints/best_model.pt
2025-04-09 07:13:36,299 - INFO - Epoch 69: Train Loss = 1.3380, Val Loss = 1.2149, Pos Sim = 0.4155, Neg Sim = 0.0440
2025-04-09 07:22:50,539 - INFO - Epoch 70: Train Loss = 1.3497, Val Loss = 1.2888, Pos Sim = 0.4181, Neg Sim = 0.0565
2025-04-09 07:32:03,154 - INFO - Epoch 71: Train Loss = 1.3637, Val Loss = 1.2806, Pos Sim = 0.4228, Neg Sim = 0.0817
2025-04-09 07:41:21,242 - INFO - Epoch 72: Train Loss = 1.3275, Val Loss = 1.2369, Pos Sim = 0.4303, Neg Sim = 0.0692
2025-04-09 07:50:37,733 - INFO - Epoch 73: Train Loss = 1.3119, Val Loss = 1.2109, Pos Sim = 0.4340, Neg Sim = 0.0371
2025-04-09 07:59:52,520 - INFO - Epoch 74: Train Loss = 1.3159, Val Loss = 1.2144, Pos Sim = 0.4128, Neg Sim = 0.0216
2025-04-09 08:09:04,407 - INFO - Epoch 75: Train Loss = 1.3512, Val Loss = 1.2331, Pos Sim = 0.4160, Neg Sim = 0.0505
2025-04-09 08:18:12,938 - INFO - Epoch 76: Train Loss = 1.3559, Val Loss = 1.2127, Pos Sim = 0.4230, Neg Sim = 0.0797
2025-04-09 08:27:28,249 - INFO - Epoch 77: Train Loss = 1.3555, Val Loss = 1.2164, Pos Sim = 0.4055, Neg Sim = 0.0460
2025-04-09 08:36:43,572 - INFO - Epoch 78: Train Loss = 1.3244, Val Loss = 1.2381, Pos Sim = 0.4118, Neg Sim = 0.0428
2025-04-09 08:45:57,371 - INFO - Epoch 79: Train Loss = 1.3056, Val Loss = 1.1974, Pos Sim = 0.4385, Neg Sim = 0.0443
2025-04-09 08:55:10,537 - INFO - Epoch 80: Train Loss = 1.3135, Val Loss = 1.2277, Pos Sim = 0.4277, Neg Sim = 0.0279
2025-04-09 09:04:26,031 - INFO - Epoch 81: Train Loss = 1.3366, Val Loss = 1.2780, Pos Sim = 0.4111, Neg Sim = 0.0381
2025-04-09 09:13:49,167 - INFO - Epoch 82: Train Loss = 1.3551, Val Loss = 1.2038, Pos Sim = 0.4194, Neg Sim = 0.0689
2025-04-09 09:23:24,607 - INFO - Epoch 83: Train Loss = 1.3126, Val Loss = 1.2615, Pos Sim = 0.4440, Neg Sim = 0.0449
2025-04-09 09:32:37,641 - INFO - Epoch 84: Train Loss = 1.3419, Val Loss = 1.2722, Pos Sim = 0.4072, Neg Sim = 0.0410
2025-04-09 09:41:50,222 - INFO - Epoch 85: Train Loss = 1.3183, Val Loss = 1.2186, Pos Sim = 0.4523, Neg Sim = 0.0609
2025-04-09 09:51:00,791 - INFO - Epoch 86: Train Loss = 1.3386, Val Loss = 1.2135, Pos Sim = 0.4128, Neg Sim = 0.0533
2025-04-09 10:00:17,366 - INFO - Epoch 87: Train Loss = 1.3907, Val Loss = 1.2890, Pos Sim = 0.3757, Neg Sim = 0.0593
2025-04-09 10:09:36,959 - INFO - Epoch 88: Train Loss = 1.3594, Val Loss = 1.2368, Pos Sim = 0.4150, Neg Sim = 0.0678
2025-04-09 10:09:36,963 - INFO - Early stopping triggered after 88 epochs
2025-04-09 10:09:36,964 - INFO - Training completed!
